<?xml version="1.0" encoding="UTF-8"?>
<testng-results skipped="0" failed="0" ignored="0" total="1" passed="1">
  <reporter-output>
  </reporter-output>
  <suite name="Default suite" duration-ms="34936" started-at="2020-01-27T10:21:51Z" finished-at="2020-01-27T10:22:26Z">
    <groups>
    </groups>
    <test name="Default test" duration-ms="34936" started-at="2020-01-27T10:21:51Z" finished-at="2020-01-27T10:22:26Z">
      <class name="com.qaprosoft.carina.demo.EguruTest">
        <test-method status="PASS" signature="setUp()[pri:0, instance:com.qaprosoft.carina.demo.EguruTest@5276e6b0]" name="setUp" duration-ms="33687" started-at="2020-01-27T10:21:51Z" finished-at="2020-01-27T10:22:25Z">
          <reporter-output>
          </reporter-output>
        </test-method> <!-- setUp -->
      </class> <!-- com.qaprosoft.carina.demo.EguruTest -->
    </test> <!-- Default test -->
  </suite> <!-- Default suite -->
</testng-results>
